<?xml version="1.0" encoding="UTF-8"?>
<!-- Generated by org.testng.reporters.JUnitReportReporter -->
<testsuite hostname="DESKTOP-QFMVCJ8" failures="0" tests="1" name="com.testautomation.apitesting.tests.StepRetry" time="10.174" errors="0" timestamp="2024-09-19T10:30:10 IST" skipped="0">
  <testcase classname="com.testautomation.apitesting.tests.StepRetry" name="e2eAPIRequest" time="10.174"/>
  <system-out/>
</testsuite> <!-- com.testautomation.apitesting.tests.StepRetry -->
