<?xml version="1.0" encoding="UTF-8"?>
<!-- Generated by org.testng.reporters.JUnitReportReporter -->
<testsuite hostname="DESKTOP-QFMVCJ8" failures="0" tests="3" name="com.testautomation.apitesting.tests.DataDrivenTestingUsingJsonFile" time="5.455" errors="0" timestamp="2024-09-19T10:25:49 IST" skipped="0">
  <testcase classname="com.testautomation.apitesting.tests.DataDrivenTestingUsingJsonFile" name="DataDrivenTestingUsingJson" time="1.076"/>
  <system-out/>
  <testcase classname="com.testautomation.apitesting.tests.DataDrivenTestingUsingJsonFile" name="DataDrivenTestingUsingJson" time="1.067"/>
  <system-out/>
  <testcase classname="com.testautomation.apitesting.tests.DataDrivenTestingUsingJsonFile" name="DataDrivenTestingUsingJson" time="3.312"/>
  <system-out/>
</testsuite> <!-- com.testautomation.apitesting.tests.DataDrivenTestingUsingJsonFile -->
