<?xml version="1.0" encoding="UTF-8"?>
<!-- Generated by org.testng.reporters.JUnitReportReporter -->
<testsuite hostname="DESKTOP-QFMVCJ8" failures="0" tests="2" name="com.testautomation.apitesting.tests.AllureReportGeneration" time="12.140" errors="0" timestamp="2024-09-19T10:24:11 IST" skipped="0">
  <testcase classname="com.testautomation.apitesting.tests.AllureReportGeneration" name="e2eAPIRequest" time="9.949"/>
  <system-out/>
  <testcase classname="com.testautomation.apitesting.tests.AllureReportGeneration" name="e2eAPITest2" time="2.191"/>
  <system-out/>
</testsuite> <!-- com.testautomation.apitesting.tests.AllureReportGeneration -->
