<?xml version="1.0" encoding="UTF-8"?>
<!-- Generated by org.testng.reporters.JUnitReportReporter -->
<testsuite hostname="DESKTOP-QFMVCJ8" failures="0" tests="3" name="com.testautomation.apitesting.tests.TestRetry" time="9.901" errors="0" timestamp="2024-09-19T10:29:51 IST" skipped="0">
  <testcase classname="com.testautomation.apitesting.tests.TestRetry" name="e2eAPIRequest3" time="0.002"/>
  <system-out/>
  <testcase classname="com.testautomation.apitesting.tests.TestRetry" name="e2eAPIRequest" time="9.876"/>
  <system-out/>
  <testcase classname="com.testautomation.apitesting.tests.TestRetry" name="e2eAPIRequest2" time="0.023"/>
  <system-out/>
</testsuite> <!-- com.testautomation.apitesting.tests.TestRetry -->
