<?xml version="1.0" encoding="UTF-8"?>
<!-- Generated by org.testng.reporters.JUnitReportReporter -->
<testsuite hostname="DESKTOP-QFMVCJ8" failures="0" tests="1" name="com.testautomation.apitesting.tests.Cookies" time="2.459" errors="0" timestamp="2024-09-19T10:23:33 IST" skipped="0">
  <testcase classname="com.testautomation.apitesting.tests.Cookies" name="cookiesAPITest" time="2.459"/>
  <system-out/>
</testsuite> <!-- com.testautomation.apitesting.tests.Cookies -->
