<?xml version="1.0" encoding="UTF-8"?>
<!-- Generated by org.testng.reporters.JUnitReportReporter -->
<testsuite hostname="DESKTOP-QFMVCJ8" failures="0" tests="1" name="com.testautomation.apitesting.tests.BasicAuth" time="2.413" errors="0" timestamp="2024-09-19T10:23:46 IST" skipped="0">
  <testcase classname="com.testautomation.apitesting.tests.BasicAuth" name="basicAuthAPITest" time="2.413"/>
  <system-out/>
</testsuite> <!-- com.testautomation.apitesting.tests.BasicAuth -->
