<?xml version="1.0" encoding="UTF-8"?>
<!-- Generated by org.testng.reporters.JUnitReportReporter -->
<testsuite hostname="DESKTOP-QFMVCJ8" failures="0" tests="3" name="com.testautomation.apitesting.tests.DataDrivenTestingUsingCSVFile" time="5.679" errors="0" timestamp="2024-09-19T10:25:19 IST" skipped="0">
  <testcase classname="com.testautomation.apitesting.tests.DataDrivenTestingUsingCSVFile" name="DataDrivenTesting" time="1.113"/>
  <system-out/>
  <testcase classname="com.testautomation.apitesting.tests.DataDrivenTestingUsingCSVFile" name="DataDrivenTesting" time="1.154"/>
  <system-out/>
  <testcase classname="com.testautomation.apitesting.tests.DataDrivenTestingUsingCSVFile" name="DataDrivenTesting" time="3.412"/>
  <system-out/>
</testsuite> <!-- com.testautomation.apitesting.tests.DataDrivenTestingUsingCSVFile -->
