<?xml version="1.0" encoding="UTF-8"?>
<!-- Generated by org.testng.reporters.JUnitReportReporter -->
<testsuite hostname="DESKTOP-QFMVCJ8" failures="0" tests="1" name="com.testautomation.apitesting.tests.PostAPIRequestUsingFile" time="4.343" errors="0" timestamp="2024-09-19T10:29:31 IST" skipped="0">
  <testcase classname="com.testautomation.apitesting.tests.PostAPIRequestUsingFile" name="postAPIRequest" time="4.343"/>
  <system-out/>
</testsuite> <!-- com.testautomation.apitesting.tests.PostAPIRequestUsingFile -->
