<?xml version="1.0" encoding="UTF-8"?>
<!-- Generated by org.testng.reporters.JUnitReportReporter -->
<testsuite hostname="DESKTOP-QFMVCJ8" failures="0" tests="1" name="com.testautomation.apitesting.tests.PatchAPIRequest" time="10.654" errors="0" timestamp="2024-09-19T10:26:39 IST" skipped="0">
  <testcase classname="com.testautomation.apitesting.tests.PatchAPIRequest" name="patchAPIRequest" time="10.654"/>
  <system-out/>
</testsuite> <!-- com.testautomation.apitesting.tests.PatchAPIRequest -->
