<?xml version="1.0" encoding="UTF-8"?>
<!-- Generated by org.testng.reporters.JUnitReportReporter -->
<testsuite hostname="DESKTOP-QFMVCJ8" failures="0" tests="1" name="com.testautomation.apitesting.tests.EndToEndAPITest" time="9.328" errors="0" timestamp="2024-09-19T10:24:52 IST" skipped="0">
  <testcase classname="com.testautomation.apitesting.tests.EndToEndAPITest" name="e2eAPIRequest" time="9.328"/>
  <system-out/>
</testsuite> <!-- com.testautomation.apitesting.tests.EndToEndAPITest -->
